<?xml version="1.0" encoding="UTF-8"?>
<testng-results ignored="0" total="2" passed="2" failed="0" skipped="0">
  <reporter-output>
  </reporter-output>
  <suite started-at="2023-07-02T20:08:30 IST" name="Default suite" finished-at="2023-07-02T20:08:39 IST" duration-ms="8899">
    <groups>
    </groups>
    <test started-at="2023-07-02T20:08:30 IST" name="Default test" finished-at="2023-07-02T20:08:39 IST" duration-ms="8899">
      <class name="juno02.Testng01">
        <test-method signature="name()[pri:0, instance:juno02.Testng01@4b013c76]" started-at="2023-07-02T20:08:30 IST" name="name" finished-at="2023-07-02T20:08:36 IST" duration-ms="5618" status="PASS">
          <reporter-output>
          </reporter-output>
        </test-method> <!-- name -->
        <test-method signature="name()[pri:0, instance:juno02.Testng01@4b013c76]" started-at="2023-07-02T20:08:36 IST" name="name" finished-at="2023-07-02T20:08:39 IST" duration-ms="3164" status="PASS">
          <reporter-output>
          </reporter-output>
        </test-method> <!-- name -->
      </class> <!-- juno02.Testng01 -->
    </test> <!-- Default test -->
  </suite> <!-- Default suite -->
</testng-results>
